#-----------------------------------------------------------
# Vivado v2019.1 (64-bit)
# SW Build 2552052 on Fri May 24 14:49:42 MDT 2019
# IP Build 2548770 on Fri May 24 18:01:18 MDT 2019
# Start of session at: Mon Nov 18 12:55:48 2019
# Process ID: 1896
# Current directory: C:/Users/Aaron Zhang/Desktop/ECE4304/Project1/VGA_CH/VGA/VGA_VHDL
# Command line: vivado.exe -gui_launcher_event rodinguilauncherevent12240 C:\Users\Aaron Zhang\Desktop\ECE4304\Project1\VGA_CH\VGA\VGA_VHDL\VGA_VHDL.xpr
# Log file: C:/Users/Aaron Zhang/Desktop/ECE4304/Project1/VGA_CH/VGA/VGA_VHDL/vivado.log
# Journal file: C:/Users/Aaron Zhang/Desktop/ECE4304/Project1/VGA_CH/VGA/VGA_VHDL\vivado.jou
#-----------------------------------------------------------
start_gui
open_project {C:/Users/Aaron Zhang/Desktop/ECE4304/Project1/VGA_CH/VGA/VGA_VHDL/VGA_VHDL.xpr}
WARNING: [Board 49-91] Board repository path 'C:/Users/Aaron' does not exist, it will not be used to search board files.
WARNING: [Board 49-91] Board repository path 'Zhang/AppData/Roaming/Xilinx/Vivado/2019.1/xhub/board_store' does not exist, it will not be used to search board files.
WARNING: [Board 49-91] Board repository path 'C:/Users/Aaron' does not exist, it will not be used to search board files.
WARNING: [Board 49-91] Board repository path 'C:/Users/Aaron' does not exist, it will not be used to search board files.
WARNING: [Board 49-91] Board repository path 'Zhang/AppData/Roaming/Xilinx/Vivado/Zhang/AppData/Roaming/Xilinx/Vivado/2019.1/xhub/board_store' does not exist, it will not be used to search board files.
WARNING: [Board 49-91] Board repository path 'C:/Users/Aaron' does not exist, it will not be used to search board files.
WARNING: [Board 49-91] Board repository path 'Zhang/AppData/Roaming/Xilinx/Vivado/Zhang/AppData/Roaming/Xilinx/Vivado/Zhang/AppData/Roaming/Xilinx/Vivado/2019.1/xhub/board_store' does not exist, it will not be used to search board files.
WARNING: [Board 49-91] Board repository path 'C:/Users/Aaron' does not exist, it will not be used to search board files.
WARNING: [Board 49-91] Board repository path 'Zhang/AppData/Roaming/Xilinx/Vivado/Zhang/AppData/Roaming/Xilinx/Vivado/Zhang/AppData/Roaming/Xilinx/Vivado/{C:/Users/Aaron' does not exist, it will not be used to search board files.
WARNING: [Board 49-91] Board repository path 'C:/Users/Aaron' does not exist, it will not be used to search board files.
WARNING: [Board 49-91] Board repository path 'Zhang/AppData/Roaming/Xilinx/Vivado/Zhang/AppData/Roaming/Xilinx/Vivado/Zhang/AppData/Roaming/Xilinx/Vivado/Zhang/AppData/Roaming/Xilinx/Vivado/2019.1/xhub/board_store}' does not exist, it will not be used to search board files.
Scanning sources...
Finished scanning sources
INFO: [IP_Flow 19-234] Refreshing IP repositories
INFO: [IP_Flow 19-1704] No user IP repositories specified
INFO: [IP_Flow 19-2313] Loaded Vivado IP repository 'D:/Xilinx/Vivado/2019.1/data/ip'.
open_project: Time (s): cpu = 00:00:26 ; elapsed = 00:00:15 . Memory (MB): peak = 730.805 ; gain = 120.293
update_compile_order -fileset sources_1
exit
INFO: [Common 17-206] Exiting Vivado at Mon Nov 18 14:22:02 2019...
